<?xml version="1.0" encoding="UTF-8"?>
<testng-results ignored="0" total="1" passed="1" failed="0" skipped="0">
  <reporter-output>
  </reporter-output>
  <suite started-at="2022-11-25T10:43:23 IST" name="Default suite" finished-at="2022-11-25T10:43:29 IST" duration-ms="6080">
    <groups>
    </groups>
    <test started-at="2022-11-25T10:43:23 IST" name="Default test" finished-at="2022-11-25T10:43:29 IST" duration-ms="6080">
      <class name="assignment2.PatchRequest">
        <test-method signature="testPatchRequest()[pri:0, instance:assignment2.PatchRequest@53fdffa1]" started-at="2022-11-25T10:43:23 IST" name="testPatchRequest" finished-at="2022-11-25T10:43:29 IST" duration-ms="5982" status="PASS">
          <reporter-output>
          </reporter-output>
        </test-method> <!-- testPatchRequest -->
      </class> <!-- assignment2.PatchRequest -->
    </test> <!-- Default test -->
  </suite> <!-- Default suite -->
</testng-results>
